 * Serving Flask app 'api'
 * Debug mode: off
2025-06-20 18:33:47,714 - INFO - [31m[1mWARNING: This is a development server. Do not use it in a production deployment. Use a production WSGI server instead.[0m
 * Running on all addresses (0.0.0.0)
 * Running on http://127.0.0.1:8080
 * Running on http://192.168.0.2:8080
2025-06-20 18:33:47,714 - INFO - [33mPress CTRL+C to quit[0m
2025-06-20 18:33:54,694 - ERROR - Error in /municipalities endpoint: Your default credentials were not found. To set up Application Default Credentials, see https://cloud.google.com/docs/authentication/external/set-up-adc for more information.
Traceback (most recent call last):
  File "/app/api.py", line 271, in get_municipalities
    conn = get_db_connection()
           ^^^^^^^^^^^^^^^^^^^
  File "/app/api.py", line 58, in get_db_connection
    connector = Connector()
                ^^^^^^^^^^^
  File "/home/jules/.pyenv/versions/3.12.11/lib/python3.12/site-packages/google/cloud/sql/connector/connector.py", line 170, in __init__
    self._credentials, _ = google.auth.default(scopes=scopes)
                           ^^^^^^^^^^^^^^^^^^^^^^^^^^^^^^^^^^
  File "/home/jules/.pyenv/versions/3.12.11/lib/python3.12/site-packages/google/auth/_default.py", line 685, in default
    raise exceptions.DefaultCredentialsError(_CLOUD_SDK_MISSING_CREDENTIALS)
google.auth.exceptions.DefaultCredentialsError: Your default credentials were not found. To set up Application Default Credentials, see https://cloud.google.com/docs/authentication/external/set-up-adc for more information.

2025-06-20 18:33:54,695 - INFO - 127.0.0.1 - - [20/Jun/2025 18:33:54] "[35m[1mGET /municipalities HTTP/1.1[0m" 500 -
